Created by PLY version 3.11 (http://www.dabeaz.com/ply)

Grammar

Rule 0     S' -> instrucciones
Rule 1     instrucciones -> instruccion instrucciones
Rule 2     instrucciones -> instruccion
Rule 3     instruccion -> f_sistema
Rule 4     instruccion -> exp_logica
Rule 5     instruccion -> sent_create_database
Rule 6     instruccion -> sent_create_table
Rule 7     instruccion -> use_base
Rule 8     instruccion -> f_insert
Rule 9     instruccion -> f_delete
Rule 10    instruccion -> expresion
Rule 11    instruccion -> sent_alter_table
Rule 12    instruccion -> sent_drop
Rule 13    instruccion -> sent_truncate
Rule 14    f_sistema -> SELECT operacion_sis
Rule 15    operacion_sis -> func_concatena
Rule 16    operacion_sis -> func_substraer
Rule 17    operacion_sis -> func_hoy
Rule 18    operacion_sis -> func_contar
Rule 19    operacion_sis -> func_suma
Rule 20    operacion_sis -> func_cas
Rule 21    operacion_sis -> select_dato
Rule 22    func_concatena -> CONCATENAR PARABRE expresion COMA expresion PARCIERRA
Rule 23    func_substraer -> SUBSTRAER PARABRE cadenas COMA numero COMA numero PARCIERRA
Rule 24    func_hoy -> HOY PARABRE PARCIERRA
Rule 25    func_contar -> CONTAR PARABRE MULTIPLICACION PARCIERRA FROM name WHERE name IGUAL expresion
Rule 26    func_suma -> SUMA PARABRE name PARCIERRA FROM name WHERE name IGUAL expresion
Rule 27    func_cas -> CAST PARABRE ARROBA name AS tipo_dato PARCIERRA
Rule 28    select_dato -> MULTIPLICACION FROM name
Rule 29    select_dato -> FROM name
Rule 30    select_dato -> FROM name WHERE condiciones
Rule 31    condiciones -> expresion
Rule 32    condiciones -> expresion AND condiciones
Rule 33    condiciones -> expresion OR condiciones
Rule 34    exp_aritmetica -> op_suma
Rule 35    exp_aritmetica -> op_resta
Rule 36    exp_aritmetica -> op_multiplicacion
Rule 37    exp_aritmetica -> op_division
Rule 38    op_suma -> expresion MAS expresion
Rule 39    op_resta -> expresion RESTA expresion
Rule 40    op_multiplicacion -> expresion MULTIPLICACION expresion
Rule 41    op_division -> expresion DIVISION expresion
Rule 42    exp_relacional -> exr_igual
Rule 43    exp_relacional -> exr_diferente
Rule 44    exp_relacional -> exr_menorque
Rule 45    exp_relacional -> exr_mayorque
Rule 46    exp_relacional -> exr_menorigual
Rule 47    exp_relacional -> exr_mayorigual
Rule 48    exr_igual -> expresion IGUALIGUAL expresion
Rule 49    exr_diferente -> expresion DIFERENTE expresion
Rule 50    exr_menorque -> expresion MENORQUE expresion
Rule 51    exr_mayorque -> expresion MAYORQUE expresion
Rule 52    exr_menorigual -> expresion MENORIGUAL expresion
Rule 53    exr_mayorigual -> expresion MAYORIGUAL expresion
Rule 54    exp_logica -> exl_and
Rule 55    exl_and -> expresion AND expresion
Rule 56    exl_and -> expresion OR expresion
Rule 57    exl_and -> RNOT expresion
Rule 58    sent_create_database -> CREATE DATA BASE name PTCOMA
Rule 59    sent_create_table -> CREATE TABLE name PARABRE datos PARCIERRA PTCOMA
Rule 60    sent_alter_table -> ALTER TABLE name alter_action PTCOMA
Rule 61    alter_action -> alter_add
Rule 62    alter_action -> alter_drop
Rule 63    alter_action -> alter_modify
Rule 64    alter_add -> ADD COLUMN name tipo_dato
Rule 65    alter_add -> ADD CONSTRAINT name FOREIGN KEY PARABRE name PARCIERRA REFERENCES name PARABRE name PARCIERRA
Rule 66    alter_drop -> DROP COLUMN name
Rule 67    alter_drop -> DROP CONSTRAINT name
Rule 68    alter_modify -> MODIFY COLUMN name tipo_dato
Rule 69    sent_drop -> DROP drop_type name PTCOMA
Rule 70    drop_type -> TABLE
Rule 71    drop_type -> DATA BASE
Rule 72    sent_truncate -> TRUNCATE TABLE name PTCOMA
Rule 73    datos -> dato COMA datos
Rule 74    datos -> dato
Rule 75    dato -> dato_con_caract
Rule 76    dato -> dato_sin_caract
Rule 77    dato -> foreign_key
Rule 78    dato_sin_caract -> name tipo_dato
Rule 79    dato_con_caract -> name tipo_dato caracteristicas
Rule 80    use_base -> USE name PTCOMA
Rule 81    foreign_key -> FOREIGN KEY PARABRE name PARCIERRA REFERENCE name PARABRE name PARCIERRA
Rule 82    caracteristicas -> caracteristica caracteristicas
Rule 83    caracteristicas -> caracteristica
Rule 84    caracteristica -> caract_nulo
Rule 85    caracteristica -> caract_no_nulo
Rule 86    caracteristica -> caract_primary_key
Rule 87    caract_nulo -> NULL
Rule 88    caract_no_nulo -> NOT NULL
Rule 89    caract_primary_key -> PRIMARY KEY
Rule 90    f_insert -> INSERT INTO name PARABRE columnas PARCIERRA VALUES PARABRE valores PARCIERRA PTCOMA
Rule 91    f_select -> SELECT select_list FROM name optional_conditions PTCOMA
Rule 92    select_list -> expresion AS name
Rule 93    select_list -> expresion
Rule 94    select_list -> MULTIPLICACION
Rule 95    optional_conditions -> WHERE condition
Rule 96    optional_conditions -> <empty>
Rule 97    f_delete -> DELETE FROM name WHERE name IGUAL expresion PTCOMA
Rule 98    columnas -> name
Rule 99    columnas -> name COMA columnas
Rule 100   valores -> expresion
Rule 101   valores -> expresion COMA valores
Rule 102   tipo_dato -> INT
Rule 103   tipo_dato -> BIT
Rule 104   tipo_dato -> DECIMAL
Rule 105   tipo_dato -> DATE
Rule 106   tipo_dato -> DATETIME
Rule 107   tipo_dato -> dato_char
Rule 108   tipo_dato -> dato_varchar
Rule 109   dato_char -> CHAR PARABRE NINT PARCIERRA
Rule 110   dato_varchar -> VARCHAR PARABRE NINT PARCIERRA
Rule 111   expresion -> exp_aritmetica
Rule 112   expresion -> exp_relacional
Rule 113   expresion -> parentesis
Rule 114   expresion -> numero
Rule 115   expresion -> FECHA
Rule 116   expresion -> FECHAHORA
Rule 117   expresion -> CADENA
Rule 118   parentesis -> PARABRE expresion PARCIERRA
Rule 119   numero -> NINT
Rule 120   numero -> NBIT
Rule 121   numero -> NDECIMAL
Rule 122   name -> NOMBRE
Rule 123   cadenas -> CADENA

Terminals, with rules where they appear

ADD                  : 64 65
ALTER                : 60
AND                  : 32 55
ARROBA               : 27
AS                   : 27 92
BASE                 : 58 71
BIT                  : 103
CADENA               : 117 123
CAST                 : 27
CHAR                 : 109
COLUMN               : 64 66 68
COMA                 : 22 23 23 73 99 101
CONCATENAR           : 22
CONSTRAINT           : 65 67
CONTAR               : 25
CREATE               : 58 59
DATA                 : 58 71
DATE                 : 105
DATETIME             : 106
DECIMAL              : 104
DELETE               : 97
DIFERENTE            : 49
DIVISION             : 41
DROP                 : 66 67 69
FECHA                : 115
FECHAHORA            : 116
FOREIGN              : 65 81
FROM                 : 25 26 28 29 30 91 97
HOY                  : 24
IGUAL                : 25 26 97
IGUALIGUAL           : 48
INSERT               : 90
INT                  : 102
INTO                 : 90
KEY                  : 65 81 89
MAS                  : 38
MAYORIGUAL           : 53
MAYORQUE             : 51
MENORIGUAL           : 52
MENORQUE             : 50
MODIFY               : 68
MULTIPLICACION       : 25 28 40 94
NBIT                 : 120
NDECIMAL             : 121
NINT                 : 109 110 119
NOMBRE               : 122
NOT                  : 88
NULL                 : 87 88
OR                   : 33 56
PARABRE              : 22 23 24 25 26 27 59 65 65 81 81 90 90 109 110 118
PARCIERRA            : 22 23 24 25 26 27 59 65 65 81 81 90 90 109 110 118
PRIMARY              : 89
PTCOMA               : 58 59 60 69 72 80 90 91 97
REFERENCE            : 81
REFERENCES           : 65
RESTA                : 39
RNOT                 : 57
SELECT               : 14 91
SUBSTRAER            : 23
SUMA                 : 26
TABLE                : 59 60 70 72
TRUNCATE             : 72
USE                  : 80
VALUES               : 90
VARCHAR              : 110
WHERE                : 25 26 30 95 97
error                : 

Nonterminals, with rules where they appear

alter_action         : 60
alter_add            : 61
alter_drop           : 62
alter_modify         : 63
cadenas              : 23
caract_no_nulo       : 85
caract_nulo          : 84
caract_primary_key   : 86
caracteristica       : 82 83
caracteristicas      : 79 82
columnas             : 90 99
condiciones          : 30 32 33
condition            : 95
dato                 : 73 74
dato_char            : 107
dato_con_caract      : 75
dato_sin_caract      : 76
dato_varchar         : 108
datos                : 59 73
drop_type            : 69
exl_and              : 54
exp_aritmetica       : 111
exp_logica           : 4
exp_relacional       : 112
expresion            : 10 22 22 25 26 31 32 33 38 38 39 39 40 40 41 41 48 48 49 49 50 50 51 51 52 52 53 53 55 55 56 56 57 92 93 97 100 101 118
exr_diferente        : 43
exr_igual            : 42
exr_mayorigual       : 47
exr_mayorque         : 45
exr_menorigual       : 46
exr_menorque         : 44
f_delete             : 9
f_insert             : 8
f_select             : 
f_sistema            : 3
foreign_key          : 77
func_cas             : 20
func_concatena       : 15
func_contar          : 18
func_hoy             : 17
func_substraer       : 16
func_suma            : 19
instruccion          : 1 2
instrucciones        : 1 0
name                 : 25 25 26 26 26 27 28 29 30 58 59 60 64 65 65 65 65 66 67 68 69 72 78 79 80 81 81 81 90 91 92 97 97 98 99
numero               : 23 23 114
op_division          : 37
op_multiplicacion    : 36
op_resta             : 35
op_suma              : 34
operacion_sis        : 14
optional_conditions  : 91
parentesis           : 113
select_dato          : 21
select_list          : 91
sent_alter_table     : 11
sent_create_database : 5
sent_create_table    : 6
sent_drop            : 12
sent_truncate        : 13
tipo_dato            : 27 64 68 78 79
use_base             : 7
valores              : 90 101

